<?xml version="1.0" encoding="UTF-8"?>
<!-- Generated by org.testng.reporters.JUnitXMLReporter -->
<testsuite ignored="0" hostname="DESKTOP-7R0B1IE" failures="0" tests="2" name="loginTests" time="7.938" errors="0" timestamp="2024-01-11T19:41:46 EET">
  <testcase classname="com.skillbrain.mentor.bstackTests.SuccessfulLogin" name="TC01_successfulLogin" time="3.167"/>
  <testcase classname="com.skillbrain.mentor.bstackTests.LockedAccountLogin" name="TC02_lockedAccountLogin" time="1.133"/>
</testsuite> <!-- loginTests -->
