<?xml version="1.0" encoding="UTF-8"?>
<!-- Generated by org.testng.reporters.JUnitXMLReporter -->
<testsuite ignored="0" hostname="DESKTOP-7R0B1IE" failures="0" tests="2" name="loginTests" time="7.823" errors="0" timestamp="2024-01-11T19:46:20 EET">
  <testcase classname="com.skillbrain.mentor.bstackTests.LoginTests" name="TC01_successfulLogin" time="3.104"/>
  <testcase classname="com.skillbrain.mentor.bstackTests.LoginTests" name="TC02_lockedAccountLogin" time="1.194"/>
</testsuite> <!-- loginTests -->
