<?xml version="1.0" encoding="UTF-8"?>
<testng-results ignored="0" total="2" passed="2" failed="0" skipped="0">
  <reporter-output>
  </reporter-output>
  <suite started-at="2024-01-11T19:46:12 EET" name="demoqa" finished-at="2024-01-11T19:46:20 EET" duration-ms="7823">
    <groups>
    </groups>
    <test started-at="2024-01-11T19:46:12 EET" name="loginTests" finished-at="2024-01-11T19:46:20 EET" duration-ms="7823">
      <class name="com.skillbrain.mentor.bstackTests.LoginTests">
        <test-method is-config="true" signature="setup()[pri:0, instance:com.skillbrain.mentor.bstackTests.LoginTests@3bd40a57]" started-at="2024-01-11T19:46:12 EET" name="setup" finished-at="2024-01-11T19:46:14 EET" duration-ms="1939" status="PASS">
          <reporter-output>
          </reporter-output>
        </test-method> <!-- setup -->
        <test-method signature="TC01_successfulLogin()[pri:0, instance:com.skillbrain.mentor.bstackTests.LoginTests@3bd40a57]" started-at="2024-01-11T19:46:14 EET" name="TC01_successfulLogin" finished-at="2024-01-11T19:46:17 EET" duration-ms="3104" status="PASS">
          <reporter-output>
          </reporter-output>
        </test-method> <!-- TC01_successfulLogin -->
        <test-method is-config="true" signature="tearDown()[pri:0, instance:com.skillbrain.mentor.bstackTests.LoginTests@3bd40a57]" started-at="2024-01-11T19:46:17 EET" name="tearDown" finished-at="2024-01-11T19:46:17 EET" duration-ms="178" status="PASS">
          <reporter-output>
          </reporter-output>
        </test-method> <!-- tearDown -->
        <test-method is-config="true" signature="setup()[pri:0, instance:com.skillbrain.mentor.bstackTests.LoginTests@3bd40a57]" started-at="2024-01-11T19:46:17 EET" name="setup" finished-at="2024-01-11T19:46:18 EET" duration-ms="1185" status="PASS">
          <reporter-output>
          </reporter-output>
        </test-method> <!-- setup -->
        <test-method signature="TC02_lockedAccountLogin()[pri:0, instance:com.skillbrain.mentor.bstackTests.LoginTests@3bd40a57]" started-at="2024-01-11T19:46:18 EET" name="TC02_lockedAccountLogin" finished-at="2024-01-11T19:46:20 EET" duration-ms="1194" status="PASS">
          <reporter-output>
          </reporter-output>
        </test-method> <!-- TC02_lockedAccountLogin -->
        <test-method is-config="true" signature="tearDown()[pri:0, instance:com.skillbrain.mentor.bstackTests.LoginTests@3bd40a57]" started-at="2024-01-11T19:46:20 EET" name="tearDown" finished-at="2024-01-11T19:46:20 EET" duration-ms="177" status="PASS">
          <reporter-output>
          </reporter-output>
        </test-method> <!-- tearDown -->
      </class> <!-- com.skillbrain.mentor.bstackTests.LoginTests -->
    </test> <!-- loginTests -->
  </suite> <!-- demoqa -->
</testng-results>
